<?xml version="1.0" encoding="UTF-8"?>
<testng-results ignored="0" total="7" passed="7" failed="0" skipped="0">
  <reporter-output>
  </reporter-output>
  <suite started-at="2024-07-05T14:51:32 EDT" name="Default suite" finished-at="2024-07-05T14:52:16 EDT" duration-ms="43878">
    <groups>
      <group name="cucumber">
        <method signature="AbstractTestNGCucumberTests.runScenario(io.cucumber.testng.PickleWrapper,io.cucumber.testng.FeatureWrapper)[pri:0, instance:runner.TestRunner@2fb0623e]" name="runScenario" class="io.cucumber.testng.AbstractTestNGCucumberTests"/>
      </group> <!-- cucumber -->
    </groups>
    <test started-at="2024-07-05T14:51:32 EDT" name="Default test" finished-at="2024-07-05T14:52:16 EDT" duration-ms="43878">
      <class name="runner.TestRunner">
        <test-method is-config="true" signature="setUpClass(org.testng.ITestContext)[pri:0, instance:runner.TestRunner@2fb0623e]" started-at="2024-07-05T14:51:32 EDT" name="setUpClass" finished-at="2024-07-05T14:51:32 EDT" duration-ms="294" status="PASS">
          <params>
            <param index="0">
              <value>
                <![CDATA[org.testng.TestRunner@37dec463]]>
              </value>
            </param>
          </params>
          <reporter-output>
          </reporter-output>
        </test-method> <!-- setUpClass -->
        <test-method signature="runScenario(io.cucumber.testng.PickleWrapper,io.cucumber.testng.FeatureWrapper)[pri:0, instance:runner.TestRunner@2fb0623e]" started-at="2024-07-05T14:51:32 EDT" name="runScenario" description="Runs Cucumber Scenarios" data-provider="scenarios" finished-at="2024-07-05T14:51:41 EDT" duration-ms="8841" status="PASS">
          <params>
            <param index="0">
              <value>
                <![CDATA["User navigates to DataStructure page"]]>
              </value>
            </param>
            <param index="1">
              <value>
                <![CDATA["Data Structure page validation ds_Algo"]]>
              </value>
            </param>
          </params>
          <reporter-output>
          </reporter-output>
        </test-method> <!-- runScenario -->
        <test-method signature="runScenario(io.cucumber.testng.PickleWrapper,io.cucumber.testng.FeatureWrapper)[pri:0, instance:runner.TestRunner@2fb0623e]" started-at="2024-07-05T14:51:41 EDT" name="runScenario" description="Runs Cucumber Scenarios" data-provider="scenarios" finished-at="2024-07-05T14:51:48 EDT" duration-ms="6747" status="PASS">
          <params>
            <param index="0">
              <value>
                <![CDATA["Implementation of Data Structure in python"]]>
              </value>
            </param>
            <param index="1">
              <value>
                <![CDATA["Data Structure page validation ds_Algo"]]>
              </value>
            </param>
          </params>
          <reporter-output>
          </reporter-output>
        </test-method> <!-- runScenario -->
        <test-method signature="runScenario(io.cucumber.testng.PickleWrapper,io.cucumber.testng.FeatureWrapper)[pri:0, instance:runner.TestRunner@2fb0623e]" started-at="2024-07-05T14:51:48 EDT" name="runScenario" description="Runs Cucumber Scenarios" data-provider="scenarios" finished-at="2024-07-05T14:51:54 EDT" duration-ms="6197" status="PASS">
          <params>
            <param index="0">
              <value>
                <![CDATA["Verify editor input scenarios of Time complexity"]]>
              </value>
            </param>
            <param index="1">
              <value>
                <![CDATA["Data Structure page validation ds_Algo"]]>
              </value>
            </param>
          </params>
          <reporter-output>
          </reporter-output>
        </test-method> <!-- runScenario -->
        <test-method signature="runScenario(io.cucumber.testng.PickleWrapper,io.cucumber.testng.FeatureWrapper)[pri:0, instance:runner.TestRunner@2fb0623e]" started-at="2024-07-05T14:51:54 EDT" name="runScenario" description="Runs Cucumber Scenarios" data-provider="scenarios" finished-at="2024-07-05T14:52:00 EDT" duration-ms="6164" status="PASS">
          <params>
            <param index="0">
              <value>
                <![CDATA["Verify editor input scenarios of Time complexity"]]>
              </value>
            </param>
            <param index="1">
              <value>
                <![CDATA["Data Structure page validation ds_Algo"]]>
              </value>
            </param>
          </params>
          <reporter-output>
          </reporter-output>
        </test-method> <!-- runScenario -->
        <test-method signature="runScenario(io.cucumber.testng.PickleWrapper,io.cucumber.testng.FeatureWrapper)[pri:0, instance:runner.TestRunner@2fb0623e]" started-at="2024-07-05T14:52:00 EDT" name="runScenario" description="Runs Cucumber Scenarios" data-provider="scenarios" finished-at="2024-07-05T14:52:06 EDT" duration-ms="6174" status="PASS">
          <params>
            <param index="0">
              <value>
                <![CDATA["Verify editor input scenarios of Time complexity"]]>
              </value>
            </param>
            <param index="1">
              <value>
                <![CDATA["Data Structure page validation ds_Algo"]]>
              </value>
            </param>
          </params>
          <reporter-output>
          </reporter-output>
        </test-method> <!-- runScenario -->
        <test-method signature="runScenario(io.cucumber.testng.PickleWrapper,io.cucumber.testng.FeatureWrapper)[pri:0, instance:runner.TestRunner@2fb0623e]" started-at="2024-07-05T14:52:06 EDT" name="runScenario" description="Runs Cucumber Scenarios" data-provider="scenarios" finished-at="2024-07-05T14:52:10 EDT" duration-ms="4197" status="PASS">
          <params>
            <param index="0">
              <value>
                <![CDATA["Practice Question Link"]]>
              </value>
            </param>
            <param index="1">
              <value>
                <![CDATA["Data Structure page validation ds_Algo"]]>
              </value>
            </param>
          </params>
          <reporter-output>
          </reporter-output>
        </test-method> <!-- runScenario -->
        <test-method signature="runScenario(io.cucumber.testng.PickleWrapper,io.cucumber.testng.FeatureWrapper)[pri:0, instance:runner.TestRunner@2fb0623e]" started-at="2024-07-05T14:52:10 EDT" name="runScenario" description="Runs Cucumber Scenarios" data-provider="scenarios" finished-at="2024-07-05T14:52:14 EDT" duration-ms="4167" status="PASS">
          <params>
            <param index="0">
              <value>
                <![CDATA["Datastructure Navigation to Home page"]]>
              </value>
            </param>
            <param index="1">
              <value>
                <![CDATA["Data Structure page validation ds_Algo"]]>
              </value>
            </param>
          </params>
          <reporter-output>
          </reporter-output>
        </test-method> <!-- runScenario -->
        <test-method is-config="true" signature="tearDownClass()[pri:0, instance:runner.TestRunner@2fb0623e]" started-at="2024-07-05T14:52:14 EDT" name="tearDownClass" finished-at="2024-07-05T14:52:16 EDT" duration-ms="1064" status="PASS">
          <reporter-output>
          </reporter-output>
        </test-method> <!-- tearDownClass -->
      </class> <!-- runner.TestRunner -->
    </test> <!-- Default test -->
  </suite> <!-- Default suite -->
</testng-results>
